Grammaire

    0 $accept: program $end

    1 program: stmt_list END_INPUT

    2 stmt_block: BEG NEWLINE stmt_list END stmt_terminator NEWLINE

    3 stmt_block_with_return: BEG NEWLINE stmt_list RETURN expr stmt_terminator NEWLINE END stmt_terminator NEWLINE
    4                       | BEG NEWLINE RETURN expr stmt_terminator NEWLINE END stmt_terminator NEWLINE

    5 stmt_list: stmt
    6          | stmt_list stmt

    7 stmt: expr stmt_terminator NEWLINE
    8     | declaration_block NEWLINE
    9     | assignation stmt_terminator NEWLINE
   10     | comment_block
   11     | IF expr THEN NEWLINE stmt
   12     | IF expr THEN NEWLINE stmt_block
   13     | IF expr THEN NEWLINE stmt ELSE NEWLINE stmt
   14     | IF expr THEN NEWLINE stmt_block ELSE NEWLINE stmt_block
   15     | IF expr THEN NEWLINE stmt ELSE NEWLINE stmt_block
   16     | IF expr THEN NEWLINE stmt_block ELSE NEWLINE stmt
   17     | WHILE expr DO NEWLINE stmt
   18     | WHILE expr DO NEWLINE stmt_block
   19     | FOR assignation TO constant DO NEWLINE stmt
   20     | FOR assignation TO constant DO NEWLINE stmt_block
   21     | READ '(' id_declarator ')' stmt_terminator NEWLINE
   22     | WRITE '(' expr ')' stmt_terminator NEWLINE
   23     | FUNCTION id_declarator '(' declaration_list ')' DECLARATOR type_specifier NEWLINE stmt_block_with_return
   24     | FUNCTION id_declarator '(' declaration_list ')' DECLARATOR type_specifier NEWLINE stmt_block
   25     | ignore_newline

   26 declaration_block: VAR NEWLINE TAB declaration
   27                  | declaration_block NEWLINE TAB declaration

   28 declaration_list: declaration
   29                 | declaration_list declaration

   30 declaration: declarator_list DECLARATOR type_specifier stmt_terminator

   31 declarator_list: id_declarator
   32                | declarator_list COMMA id_declarator

   33 id_declarator: IDENTIFIER

   34 type_specifier: INT
   35               | CHAR
   36               | STRING
   37               | BOOLEAN
   38               | REAL
   39               | VOID

   40 assignation: id_declarator ASSIGNATOR expr

   41 constant: INT_VALUE
   42         | REAL_VALUE
   43         | STRING_VALUE
   44         | CHAR_VALUE
   45         | BOOLEAN_VALUE
   46         | NULL_VALUE

   47 expr: constant
   48     | id_declarator
   49     | '-' expr
   50     | expr '+' expr
   51     | expr '-' expr
   52     | expr '*' expr
   53     | expr '/' expr
   54     | expr INF expr
   55     | expr AND expr
   56     | expr OR expr
   57     | NOT expr
   58     | expr SUP expr
   59     | expr SUPEQ expr
   60     | expr INFEQ expr
   61     | expr NOTEQ expr
   62     | expr EQ expr
   63     | expr DIV expr
   64     | expr MOD expr
   65     | '(' expr ')'
   66     | ABS '(' expr ')'
   67     | LOG '(' expr ')'
   68     | LOG '(' expr COMMA expr ')'
   69     | EXP '(' expr ')'

   70 comment_block: COMMENT NEWLINE

   71 stmt_terminator: TERMINATOR

   72 ignore_newline: NEWLINE


Terminaux, suivis des règles où ils apparaissent

$end (0) 0
'(' (40) 21 22 23 24 65 66 67 68 69
')' (41) 21 22 23 24 65 66 67 68 69
'*' (42) 52
'+' (43) 50
'-' (45) 49 51
'/' (47) 53
error (256)
INT_VALUE <intValue> (258) 41
REAL_VALUE <realValue> (259) 42
CHAR_VALUE <charValue> (260) 44
BOOLEAN_VALUE <boolValue> (261) 45
IDENTIFIER <strValue> (262) 33
STRING_VALUE <strValue> (263) 43
STRING <strValue> (264) 36
CHAR <strValue> (265) 35
BOOLEAN <strValue> (266) 37
COMMENT <strValue> (267) 70
VAR (268) 26
DIV (269) 63
MOD (270) 64
AND (271) 55
OR (272) 56
NOT (273) 57
ABS (274) 66
LOG (275) 67 68
EXP (276) 69
BEG (277) 2 3 4
END (278) 2 3 4
IF (279) 11 12 13 14 15 16
THEN (280) 11 12 13 14 15 16
ELSE (281) 13 14 15 16
WHILE (282) 17 18
DO (283) 17 18 19 20
FOR (284) 19 20
TO (285) 19 20
READ (286) 21
WRITE (287) 22
FUNCTION (288) 23 24
RETURN (289) 3 4
NULL_VALUE (290) 46
EQ (291) 62
INF (292) 54
INFEQ (293) 60
SUP (294) 58
SUPEQ (295) 59
NOTEQ (296) 61
COMMA (297) 32 68
TAB (298) 26 27
NEWLINE (299) 2 3 4 7 8 9 11 12 13 14 15 16 17 18 19 20 21 22 23 24
    26 27 70 72
DECLARATOR (300) 23 24 30
ASSIGNATOR (301) 40
INT (302) 34
REAL (303) 38
END_INPUT (304) 1
TERMINATOR (305) 71
VOID (306) 39
UMINUS (307)
IFX (308)


Non-terminaux, suivis des règles où ils apparaissent

$accept (60)
    à gauche: 0
program <treeVal> (61)
    à gauche: 1, à droite: 0
stmt_block <treeVal> (62)
    à gauche: 2, à droite: 12 14 15 16 18 20 24
stmt_block_with_return <treeVal> (63)
    à gauche: 3 4, à droite: 23
stmt_list <treeVal> (64)
    à gauche: 5 6, à droite: 1 2 3 6
stmt <treeVal> (65)
    à gauche: 7 8 9 10 11 12 13 14 15 16 17 18 19 20 21 22 23 24 25,
    à droite: 5 6 11 13 15 16 17 19
declaration_block <treeVal> (66)
    à gauche: 26 27, à droite: 8 27
declaration_list <treeVal> (67)
    à gauche: 28 29, à droite: 23 24 29
declaration <treeVal> (68)
    à gauche: 30, à droite: 26 27 28 29
declarator_list <treeVal> (69)
    à gauche: 31 32, à droite: 30 32
id_declarator <treeVal> (70)
    à gauche: 33, à droite: 21 23 24 31 32 40 48
type_specifier <treeVal> (71)
    à gauche: 34 35 36 37 38 39, à droite: 23 24 30
assignation <treeVal> (72)
    à gauche: 40, à droite: 9 19 20
constant <treeVal> (73)
    à gauche: 41 42 43 44 45 46, à droite: 19 20 47
expr <treeVal> (74)
    à gauche: 47 48 49 50 51 52 53 54 55 56 57 58 59 60 61 62 63 64
    65 66 67 68 69, à droite: 3 4 7 11 12 13 14 15 16 17 18 22 40
    49 50 51 52 53 54 55 56 57 58 59 60 61 62 63 64 65 66 67 68 69
comment_block <treeVal> (75)
    à gauche: 70, à droite: 10
stmt_terminator (76)
    à gauche: 71, à droite: 2 3 4 7 9 21 22 30
ignore_newline (77)
    à gauche: 72, à droite: 25


État 0

    0 $accept: . program $end

    INT_VALUE      décalage et aller à l'état 1
    REAL_VALUE     décalage et aller à l'état 2
    CHAR_VALUE     décalage et aller à l'état 3
    BOOLEAN_VALUE  décalage et aller à l'état 4
    IDENTIFIER     décalage et aller à l'état 5
    STRING_VALUE   décalage et aller à l'état 6
    COMMENT        décalage et aller à l'état 7
    VAR            décalage et aller à l'état 8
    NOT            décalage et aller à l'état 9
    ABS            décalage et aller à l'état 10
    LOG            décalage et aller à l'état 11
    EXP            décalage et aller à l'état 12
    IF             décalage et aller à l'état 13
    WHILE          décalage et aller à l'état 14
    FOR            décalage et aller à l'état 15
    READ           décalage et aller à l'état 16
    WRITE          décalage et aller à l'état 17
    FUNCTION       décalage et aller à l'état 18
    NULL_VALUE     décalage et aller à l'état 19
    NEWLINE        décalage et aller à l'état 20
    '-'            décalage et aller à l'état 21
    '('            décalage et aller à l'état 22

    program            aller à l'état 23
    stmt_list          aller à l'état 24
    stmt               aller à l'état 25
    declaration_block  aller à l'état 26
    id_declarator      aller à l'état 27
    assignation        aller à l'état 28
    constant           aller à l'état 29
    expr               aller à l'état 30
    comment_block      aller à l'état 31
    ignore_newline     aller à l'état 32


État 1

   41 constant: INT_VALUE .

    $défaut  réduction par utilisation de la règle 41 (constant)


État 2

   42 constant: REAL_VALUE .

    $défaut  réduction par utilisation de la règle 42 (constant)


État 3

   44 constant: CHAR_VALUE .

    $défaut  réduction par utilisation de la règle 44 (constant)


État 4

   45 constant: BOOLEAN_VALUE .

    $défaut  réduction par utilisation de la règle 45 (constant)


État 5

   33 id_declarator: IDENTIFIER .

    $défaut  réduction par utilisation de la règle 33 (id_declarator)


État 6

   43 constant: STRING_VALUE .

    $défaut  réduction par utilisation de la règle 43 (constant)


État 7

   70 comment_block: COMMENT . NEWLINE

    NEWLINE  décalage et aller à l'état 33


État 8

   26 declaration_block: VAR . NEWLINE TAB declaration

    NEWLINE  décalage et aller à l'état 34


État 9

   57 expr: NOT . expr

    INT_VALUE      décalage et aller à l'état 1
    REAL_VALUE     décalage et aller à l'état 2
    CHAR_VALUE     décalage et aller à l'état 3
    BOOLEAN_VALUE  décalage et aller à l'état 4
    IDENTIFIER     décalage et aller à l'état 5
    STRING_VALUE   décalage et aller à l'état 6
    NOT            décalage et aller à l'état 9
    ABS            décalage et aller à l'état 10
    LOG            décalage et aller à l'état 11
    EXP            décalage et aller à l'état 12
    NULL_VALUE     décalage et aller à l'état 19
    '-'            décalage et aller à l'état 21
    '('            décalage et aller à l'état 22

    id_declarator  aller à l'état 35
    constant       aller à l'état 29
    expr           aller à l'état 36


État 10

   66 expr: ABS . '(' expr ')'

    '('  décalage et aller à l'état 37


État 11

   67 expr: LOG . '(' expr ')'
   68     | LOG . '(' expr COMMA expr ')'

    '('  décalage et aller à l'état 38


État 12

   69 expr: EXP . '(' expr ')'

    '('  décalage et aller à l'état 39


État 13

   11 stmt: IF . expr THEN NEWLINE stmt
   12     | IF . expr THEN NEWLINE stmt_block
   13     | IF . expr THEN NEWLINE stmt ELSE NEWLINE stmt
   14     | IF . expr THEN NEWLINE stmt_block ELSE NEWLINE stmt_block
   15     | IF . expr THEN NEWLINE stmt ELSE NEWLINE stmt_block
   16     | IF . expr THEN NEWLINE stmt_block ELSE NEWLINE stmt

    INT_VALUE      décalage et aller à l'état 1
    REAL_VALUE     décalage et aller à l'état 2
    CHAR_VALUE     décalage et aller à l'état 3
    BOOLEAN_VALUE  décalage et aller à l'état 4
    IDENTIFIER     décalage et aller à l'état 5
    STRING_VALUE   décalage et aller à l'état 6
    NOT            décalage et aller à l'état 9
    ABS            décalage et aller à l'état 10
    LOG            décalage et aller à l'état 11
    EXP            décalage et aller à l'état 12
    NULL_VALUE     décalage et aller à l'état 19
    '-'            décalage et aller à l'état 21
    '('            décalage et aller à l'état 22

    id_declarator  aller à l'état 35
    constant       aller à l'état 29
    expr           aller à l'état 40


État 14

   17 stmt: WHILE . expr DO NEWLINE stmt
   18     | WHILE . expr DO NEWLINE stmt_block

    INT_VALUE      décalage et aller à l'état 1
    REAL_VALUE     décalage et aller à l'état 2
    CHAR_VALUE     décalage et aller à l'état 3
    BOOLEAN_VALUE  décalage et aller à l'état 4
    IDENTIFIER     décalage et aller à l'état 5
    STRING_VALUE   décalage et aller à l'état 6
    NOT            décalage et aller à l'état 9
    ABS            décalage et aller à l'état 10
    LOG            décalage et aller à l'état 11
    EXP            décalage et aller à l'état 12
    NULL_VALUE     décalage et aller à l'état 19
    '-'            décalage et aller à l'état 21
    '('            décalage et aller à l'état 22

    id_declarator  aller à l'état 35
    constant       aller à l'état 29
    expr           aller à l'état 41


État 15

   19 stmt: FOR . assignation TO constant DO NEWLINE stmt
   20     | FOR . assignation TO constant DO NEWLINE stmt_block

    IDENTIFIER  décalage et aller à l'état 5

    id_declarator  aller à l'état 42
    assignation    aller à l'état 43


État 16

   21 stmt: READ . '(' id_declarator ')' stmt_terminator NEWLINE

    '('  décalage et aller à l'état 44


État 17

   22 stmt: WRITE . '(' expr ')' stmt_terminator NEWLINE

    '('  décalage et aller à l'état 45


État 18

   23 stmt: FUNCTION . id_declarator '(' declaration_list ')' DECLARATOR type_specifier NEWLINE stmt_block_with_return
   24     | FUNCTION . id_declarator '(' declaration_list ')' DECLARATOR type_specifier NEWLINE stmt_block

    IDENTIFIER  décalage et aller à l'état 5

    id_declarator  aller à l'état 46


État 19

   46 constant: NULL_VALUE .

    $défaut  réduction par utilisation de la règle 46 (constant)


État 20

   72 ignore_newline: NEWLINE .

    $défaut  réduction par utilisation de la règle 72 (ignore_newline)


État 21

   49 expr: '-' . expr

    INT_VALUE      décalage et aller à l'état 1
    REAL_VALUE     décalage et aller à l'état 2
    CHAR_VALUE     décalage et aller à l'état 3
    BOOLEAN_VALUE  décalage et aller à l'état 4
    IDENTIFIER     décalage et aller à l'état 5
    STRING_VALUE   décalage et aller à l'état 6
    NOT            décalage et aller à l'état 9
    ABS            décalage et aller à l'état 10
    LOG            décalage et aller à l'état 11
    EXP            décalage et aller à l'état 12
    NULL_VALUE     décalage et aller à l'état 19
    '-'            décalage et aller à l'état 21
    '('            décalage et aller à l'état 22

    id_declarator  aller à l'état 35
    constant       aller à l'état 29
    expr           aller à l'état 47


État 22

   65 expr: '(' . expr ')'

    INT_VALUE      décalage et aller à l'état 1
    REAL_VALUE     décalage et aller à l'état 2
    CHAR_VALUE     décalage et aller à l'état 3
    BOOLEAN_VALUE  décalage et aller à l'état 4
    IDENTIFIER     décalage et aller à l'état 5
    STRING_VALUE   décalage et aller à l'état 6
    NOT            décalage et aller à l'état 9
    ABS            décalage et aller à l'état 10
    LOG            décalage et aller à l'état 11
    EXP            décalage et aller à l'état 12
    NULL_VALUE     décalage et aller à l'état 19
    '-'            décalage et aller à l'état 21
    '('            décalage et aller à l'état 22

    id_declarator  aller à l'état 35
    constant       aller à l'état 29
    expr           aller à l'état 48


État 23

    0 $accept: program . $end

    $end  décalage et aller à l'état 49


État 24

    1 program: stmt_list . END_INPUT
    6 stmt_list: stmt_list . stmt

    INT_VALUE      décalage et aller à l'état 1
    REAL_VALUE     décalage et aller à l'état 2
    CHAR_VALUE     décalage et aller à l'état 3
    BOOLEAN_VALUE  décalage et aller à l'état 4
    IDENTIFIER     décalage et aller à l'état 5
    STRING_VALUE   décalage et aller à l'état 6
    COMMENT        décalage et aller à l'état 7
    VAR            décalage et aller à l'état 8
    NOT            décalage et aller à l'état 9
    ABS            décalage et aller à l'état 10
    LOG            décalage et aller à l'état 11
    EXP            décalage et aller à l'état 12
    IF             décalage et aller à l'état 13
    WHILE          décalage et aller à l'état 14
    FOR            décalage et aller à l'état 15
    READ           décalage et aller à l'état 16
    WRITE          décalage et aller à l'état 17
    FUNCTION       décalage et aller à l'état 18
    NULL_VALUE     décalage et aller à l'état 19
    NEWLINE        décalage et aller à l'état 20
    END_INPUT      décalage et aller à l'état 50
    '-'            décalage et aller à l'état 21
    '('            décalage et aller à l'état 22

    stmt               aller à l'état 51
    declaration_block  aller à l'état 26
    id_declarator      aller à l'état 27
    assignation        aller à l'état 28
    constant           aller à l'état 29
    expr               aller à l'état 30
    comment_block      aller à l'état 31
    ignore_newline     aller à l'état 32


État 25

    5 stmt_list: stmt .

    $défaut  réduction par utilisation de la règle 5 (stmt_list)


État 26

    8 stmt: declaration_block . NEWLINE
   27 declaration_block: declaration_block . NEWLINE TAB declaration

    NEWLINE  décalage et aller à l'état 52


État 27

   40 assignation: id_declarator . ASSIGNATOR expr
   48 expr: id_declarator .

    ASSIGNATOR  décalage et aller à l'état 53

    $défaut  réduction par utilisation de la règle 48 (expr)


État 28

    9 stmt: assignation . stmt_terminator NEWLINE

    TERMINATOR  décalage et aller à l'état 54

    stmt_terminator  aller à l'état 55


État 29

   47 expr: constant .

    $défaut  réduction par utilisation de la règle 47 (expr)


État 30

    7 stmt: expr . stmt_terminator NEWLINE
   50 expr: expr . '+' expr
   51     | expr . '-' expr
   52     | expr . '*' expr
   53     | expr . '/' expr
   54     | expr . INF expr
   55     | expr . AND expr
   56     | expr . OR expr
   58     | expr . SUP expr
   59     | expr . SUPEQ expr
   60     | expr . INFEQ expr
   61     | expr . NOTEQ expr
   62     | expr . EQ expr
   63     | expr . DIV expr
   64     | expr . MOD expr

    DIV         décalage et aller à l'état 56
    MOD         décalage et aller à l'état 57
    AND         décalage et aller à l'état 58
    OR          décalage et aller à l'état 59
    EQ          décalage et aller à l'état 60
    INF         décalage et aller à l'état 61
    INFEQ       décalage et aller à l'état 62
    SUP         décalage et aller à l'état 63
    SUPEQ       décalage et aller à l'état 64
    NOTEQ       décalage et aller à l'état 65
    TERMINATOR  décalage et aller à l'état 54
    '+'         décalage et aller à l'état 66
    '-'         décalage et aller à l'état 67
    '*'         décalage et aller à l'état 68
    '/'         décalage et aller à l'état 69

    stmt_terminator  aller à l'état 70


État 31

   10 stmt: comment_block .

    $défaut  réduction par utilisation de la règle 10 (stmt)


État 32

   25 stmt: ignore_newline .

    $défaut  réduction par utilisation de la règle 25 (stmt)


État 33

   70 comment_block: COMMENT NEWLINE .

    $défaut  réduction par utilisation de la règle 70 (comment_block)


État 34

   26 declaration_block: VAR NEWLINE . TAB declaration

    TAB  décalage et aller à l'état 71


État 35

   48 expr: id_declarator .

    $défaut  réduction par utilisation de la règle 48 (expr)


État 36

   50 expr: expr . '+' expr
   51     | expr . '-' expr
   52     | expr . '*' expr
   53     | expr . '/' expr
   54     | expr . INF expr
   55     | expr . AND expr
   56     | expr . OR expr
   57     | NOT expr .
   58     | expr . SUP expr
   59     | expr . SUPEQ expr
   60     | expr . INFEQ expr
   61     | expr . NOTEQ expr
   62     | expr . EQ expr
   63     | expr . DIV expr
   64     | expr . MOD expr

    DIV  décalage et aller à l'état 56
    MOD  décalage et aller à l'état 57
    '+'  décalage et aller à l'état 66
    '-'  décalage et aller à l'état 67
    '*'  décalage et aller à l'état 68
    '/'  décalage et aller à l'état 69

    $défaut  réduction par utilisation de la règle 57 (expr)


État 37

   66 expr: ABS '(' . expr ')'

    INT_VALUE      décalage et aller à l'état 1
    REAL_VALUE     décalage et aller à l'état 2
    CHAR_VALUE     décalage et aller à l'état 3
    BOOLEAN_VALUE  décalage et aller à l'état 4
    IDENTIFIER     décalage et aller à l'état 5
    STRING_VALUE   décalage et aller à l'état 6
    NOT            décalage et aller à l'état 9
    ABS            décalage et aller à l'état 10
    LOG            décalage et aller à l'état 11
    EXP            décalage et aller à l'état 12
    NULL_VALUE     décalage et aller à l'état 19
    '-'            décalage et aller à l'état 21
    '('            décalage et aller à l'état 22

    id_declarator  aller à l'état 35
    constant       aller à l'état 29
    expr           aller à l'état 72


État 38

   67 expr: LOG '(' . expr ')'
   68     | LOG '(' . expr COMMA expr ')'

    INT_VALUE      décalage et aller à l'état 1
    REAL_VALUE     décalage et aller à l'état 2
    CHAR_VALUE     décalage et aller à l'état 3
    BOOLEAN_VALUE  décalage et aller à l'état 4
    IDENTIFIER     décalage et aller à l'état 5
    STRING_VALUE   décalage et aller à l'état 6
    NOT            décalage et aller à l'état 9
    ABS            décalage et aller à l'état 10
    LOG            décalage et aller à l'état 11
    EXP            décalage et aller à l'état 12
    NULL_VALUE     décalage et aller à l'état 19
    '-'            décalage et aller à l'état 21
    '('            décalage et aller à l'état 22

    id_declarator  aller à l'état 35
    constant       aller à l'état 29
    expr           aller à l'état 73


État 39

   69 expr: EXP '(' . expr ')'

    INT_VALUE      décalage et aller à l'état 1
    REAL_VALUE     décalage et aller à l'état 2
    CHAR_VALUE     décalage et aller à l'état 3
    BOOLEAN_VALUE  décalage et aller à l'état 4
    IDENTIFIER     décalage et aller à l'état 5
    STRING_VALUE   décalage et aller à l'état 6
    NOT            décalage et aller à l'état 9
    ABS            décalage et aller à l'état 10
    LOG            décalage et aller à l'état 11
    EXP            décalage et aller à l'état 12
    NULL_VALUE     décalage et aller à l'état 19
    '-'            décalage et aller à l'état 21
    '('            décalage et aller à l'état 22

    id_declarator  aller à l'état 35
    constant       aller à l'état 29
    expr           aller à l'état 74


État 40

   11 stmt: IF expr . THEN NEWLINE stmt
   12     | IF expr . THEN NEWLINE stmt_block
   13     | IF expr . THEN NEWLINE stmt ELSE NEWLINE stmt
   14     | IF expr . THEN NEWLINE stmt_block ELSE NEWLINE stmt_block
   15     | IF expr . THEN NEWLINE stmt ELSE NEWLINE stmt_block
   16     | IF expr . THEN NEWLINE stmt_block ELSE NEWLINE stmt
   50 expr: expr . '+' expr
   51     | expr . '-' expr
   52     | expr . '*' expr
   53     | expr . '/' expr
   54     | expr . INF expr
   55     | expr . AND expr
   56     | expr . OR expr
   58     | expr . SUP expr
   59     | expr . SUPEQ expr
   60     | expr . INFEQ expr
   61     | expr . NOTEQ expr
   62     | expr . EQ expr
   63     | expr . DIV expr
   64     | expr . MOD expr

    DIV    décalage et aller à l'état 56
    MOD    décalage et aller à l'état 57
    AND    décalage et aller à l'état 58
    OR     décalage et aller à l'état 59
    THEN   décalage et aller à l'état 75
    EQ     décalage et aller à l'état 60
    INF    décalage et aller à l'état 61
    INFEQ  décalage et aller à l'état 62
    SUP    décalage et aller à l'état 63
    SUPEQ  décalage et aller à l'état 64
    NOTEQ  décalage et aller à l'état 65
    '+'    décalage et aller à l'état 66
    '-'    décalage et aller à l'état 67
    '*'    décalage et aller à l'état 68
    '/'    décalage et aller à l'état 69


État 41

   17 stmt: WHILE expr . DO NEWLINE stmt
   18     | WHILE expr . DO NEWLINE stmt_block
   50 expr: expr . '+' expr
   51     | expr . '-' expr
   52     | expr . '*' expr
   53     | expr . '/' expr
   54     | expr . INF expr
   55     | expr . AND expr
   56     | expr . OR expr
   58     | expr . SUP expr
   59     | expr . SUPEQ expr
   60     | expr . INFEQ expr
   61     | expr . NOTEQ expr
   62     | expr . EQ expr
   63     | expr . DIV expr
   64     | expr . MOD expr

    DIV    décalage et aller à l'état 56
    MOD    décalage et aller à l'état 57
    AND    décalage et aller à l'état 58
    OR     décalage et aller à l'état 59
    DO     décalage et aller à l'état 76
    EQ     décalage et aller à l'état 60
    INF    décalage et aller à l'état 61
    INFEQ  décalage et aller à l'état 62
    SUP    décalage et aller à l'état 63
    SUPEQ  décalage et aller à l'état 64
    NOTEQ  décalage et aller à l'état 65
    '+'    décalage et aller à l'état 66
    '-'    décalage et aller à l'état 67
    '*'    décalage et aller à l'état 68
    '/'    décalage et aller à l'état 69


État 42

   40 assignation: id_declarator . ASSIGNATOR expr

    ASSIGNATOR  décalage et aller à l'état 53


État 43

   19 stmt: FOR assignation . TO constant DO NEWLINE stmt
   20     | FOR assignation . TO constant DO NEWLINE stmt_block

    TO  décalage et aller à l'état 77


État 44

   21 stmt: READ '(' . id_declarator ')' stmt_terminator NEWLINE

    IDENTIFIER  décalage et aller à l'état 5

    id_declarator  aller à l'état 78


État 45

   22 stmt: WRITE '(' . expr ')' stmt_terminator NEWLINE

    INT_VALUE      décalage et aller à l'état 1
    REAL_VALUE     décalage et aller à l'état 2
    CHAR_VALUE     décalage et aller à l'état 3
    BOOLEAN_VALUE  décalage et aller à l'état 4
    IDENTIFIER     décalage et aller à l'état 5
    STRING_VALUE   décalage et aller à l'état 6
    NOT            décalage et aller à l'état 9
    ABS            décalage et aller à l'état 10
    LOG            décalage et aller à l'état 11
    EXP            décalage et aller à l'état 12
    NULL_VALUE     décalage et aller à l'état 19
    '-'            décalage et aller à l'état 21
    '('            décalage et aller à l'état 22

    id_declarator  aller à l'état 35
    constant       aller à l'état 29
    expr           aller à l'état 79


État 46

   23 stmt: FUNCTION id_declarator . '(' declaration_list ')' DECLARATOR type_specifier NEWLINE stmt_block_with_return
   24     | FUNCTION id_declarator . '(' declaration_list ')' DECLARATOR type_specifier NEWLINE stmt_block

    '('  décalage et aller à l'état 80


État 47

   49 expr: '-' expr .
   50     | expr . '+' expr
   51     | expr . '-' expr
   52     | expr . '*' expr
   53     | expr . '/' expr
   54     | expr . INF expr
   55     | expr . AND expr
   56     | expr . OR expr
   58     | expr . SUP expr
   59     | expr . SUPEQ expr
   60     | expr . INFEQ expr
   61     | expr . NOTEQ expr
   62     | expr . EQ expr
   63     | expr . DIV expr
   64     | expr . MOD expr

    $défaut  réduction par utilisation de la règle 49 (expr)


État 48

   50 expr: expr . '+' expr
   51     | expr . '-' expr
   52     | expr . '*' expr
   53     | expr . '/' expr
   54     | expr . INF expr
   55     | expr . AND expr
   56     | expr . OR expr
   58     | expr . SUP expr
   59     | expr . SUPEQ expr
   60     | expr . INFEQ expr
   61     | expr . NOTEQ expr
   62     | expr . EQ expr
   63     | expr . DIV expr
   64     | expr . MOD expr
   65     | '(' expr . ')'

    DIV    décalage et aller à l'état 56
    MOD    décalage et aller à l'état 57
    AND    décalage et aller à l'état 58
    OR     décalage et aller à l'état 59
    EQ     décalage et aller à l'état 60
    INF    décalage et aller à l'état 61
    INFEQ  décalage et aller à l'état 62
    SUP    décalage et aller à l'état 63
    SUPEQ  décalage et aller à l'état 64
    NOTEQ  décalage et aller à l'état 65
    '+'    décalage et aller à l'état 66
    '-'    décalage et aller à l'état 67
    '*'    décalage et aller à l'état 68
    '/'    décalage et aller à l'état 69
    ')'    décalage et aller à l'état 81


État 49

    0 $accept: program $end .

    $défaut  accepter


État 50

    1 program: stmt_list END_INPUT .

    $défaut  réduction par utilisation de la règle 1 (program)


État 51

    6 stmt_list: stmt_list stmt .

    $défaut  réduction par utilisation de la règle 6 (stmt_list)


État 52

    8 stmt: declaration_block NEWLINE .
   27 declaration_block: declaration_block NEWLINE . TAB declaration

    TAB  décalage et aller à l'état 82

    $défaut  réduction par utilisation de la règle 8 (stmt)


État 53

   40 assignation: id_declarator ASSIGNATOR . expr

    INT_VALUE      décalage et aller à l'état 1
    REAL_VALUE     décalage et aller à l'état 2
    CHAR_VALUE     décalage et aller à l'état 3
    BOOLEAN_VALUE  décalage et aller à l'état 4
    IDENTIFIER     décalage et aller à l'état 5
    STRING_VALUE   décalage et aller à l'état 6
    NOT            décalage et aller à l'état 9
    ABS            décalage et aller à l'état 10
    LOG            décalage et aller à l'état 11
    EXP            décalage et aller à l'état 12
    NULL_VALUE     décalage et aller à l'état 19
    '-'            décalage et aller à l'état 21
    '('            décalage et aller à l'état 22

    id_declarator  aller à l'état 35
    constant       aller à l'état 29
    expr           aller à l'état 83


État 54

   71 stmt_terminator: TERMINATOR .

    $défaut  réduction par utilisation de la règle 71 (stmt_terminator)


État 55

    9 stmt: assignation stmt_terminator . NEWLINE

    NEWLINE  décalage et aller à l'état 84


État 56

   63 expr: expr DIV . expr

    INT_VALUE      décalage et aller à l'état 1
    REAL_VALUE     décalage et aller à l'état 2
    CHAR_VALUE     décalage et aller à l'état 3
    BOOLEAN_VALUE  décalage et aller à l'état 4
    IDENTIFIER     décalage et aller à l'état 5
    STRING_VALUE   décalage et aller à l'état 6
    NOT            décalage et aller à l'état 9
    ABS            décalage et aller à l'état 10
    LOG            décalage et aller à l'état 11
    EXP            décalage et aller à l'état 12
    NULL_VALUE     décalage et aller à l'état 19
    '-'            décalage et aller à l'état 21
    '('            décalage et aller à l'état 22

    id_declarator  aller à l'état 35
    constant       aller à l'état 29
    expr           aller à l'état 85


État 57

   64 expr: expr MOD . expr

    INT_VALUE      décalage et aller à l'état 1
    REAL_VALUE     décalage et aller à l'état 2
    CHAR_VALUE     décalage et aller à l'état 3
    BOOLEAN_VALUE  décalage et aller à l'état 4
    IDENTIFIER     décalage et aller à l'état 5
    STRING_VALUE   décalage et aller à l'état 6
    NOT            décalage et aller à l'état 9
    ABS            décalage et aller à l'état 10
    LOG            décalage et aller à l'état 11
    EXP            décalage et aller à l'état 12
    NULL_VALUE     décalage et aller à l'état 19
    '-'            décalage et aller à l'état 21
    '('            décalage et aller à l'état 22

    id_declarator  aller à l'état 35
    constant       aller à l'état 29
    expr           aller à l'état 86


État 58

   55 expr: expr AND . expr

    INT_VALUE      décalage et aller à l'état 1
    REAL_VALUE     décalage et aller à l'état 2
    CHAR_VALUE     décalage et aller à l'état 3
    BOOLEAN_VALUE  décalage et aller à l'état 4
    IDENTIFIER     décalage et aller à l'état 5
    STRING_VALUE   décalage et aller à l'état 6
    NOT            décalage et aller à l'état 9
    ABS            décalage et aller à l'état 10
    LOG            décalage et aller à l'état 11
    EXP            décalage et aller à l'état 12
    NULL_VALUE     décalage et aller à l'état 19
    '-'            décalage et aller à l'état 21
    '('            décalage et aller à l'état 22

    id_declarator  aller à l'état 35
    constant       aller à l'état 29
    expr           aller à l'état 87


État 59

   56 expr: expr OR . expr

    INT_VALUE      décalage et aller à l'état 1
    REAL_VALUE     décalage et aller à l'état 2
    CHAR_VALUE     décalage et aller à l'état 3
    BOOLEAN_VALUE  décalage et aller à l'état 4
    IDENTIFIER     décalage et aller à l'état 5
    STRING_VALUE   décalage et aller à l'état 6
    NOT            décalage et aller à l'état 9
    ABS            décalage et aller à l'état 10
    LOG            décalage et aller à l'état 11
    EXP            décalage et aller à l'état 12
    NULL_VALUE     décalage et aller à l'état 19
    '-'            décalage et aller à l'état 21
    '('            décalage et aller à l'état 22

    id_declarator  aller à l'état 35
    constant       aller à l'état 29
    expr           aller à l'état 88


État 60

   62 expr: expr EQ . expr

    INT_VALUE      décalage et aller à l'état 1
    REAL_VALUE     décalage et aller à l'état 2
    CHAR_VALUE     décalage et aller à l'état 3
    BOOLEAN_VALUE  décalage et aller à l'état 4
    IDENTIFIER     décalage et aller à l'état 5
    STRING_VALUE   décalage et aller à l'état 6
    NOT            décalage et aller à l'état 9
    ABS            décalage et aller à l'état 10
    LOG            décalage et aller à l'état 11
    EXP            décalage et aller à l'état 12
    NULL_VALUE     décalage et aller à l'état 19
    '-'            décalage et aller à l'état 21
    '('            décalage et aller à l'état 22

    id_declarator  aller à l'état 35
    constant       aller à l'état 29
    expr           aller à l'état 89


État 61

   54 expr: expr INF . expr

    INT_VALUE      décalage et aller à l'état 1
    REAL_VALUE     décalage et aller à l'état 2
    CHAR_VALUE     décalage et aller à l'état 3
    BOOLEAN_VALUE  décalage et aller à l'état 4
    IDENTIFIER     décalage et aller à l'état 5
    STRING_VALUE   décalage et aller à l'état 6
    NOT            décalage et aller à l'état 9
    ABS            décalage et aller à l'état 10
    LOG            décalage et aller à l'état 11
    EXP            décalage et aller à l'état 12
    NULL_VALUE     décalage et aller à l'état 19
    '-'            décalage et aller à l'état 21
    '('            décalage et aller à l'état 22

    id_declarator  aller à l'état 35
    constant       aller à l'état 29
    expr           aller à l'état 90


État 62

   60 expr: expr INFEQ . expr

    INT_VALUE      décalage et aller à l'état 1
    REAL_VALUE     décalage et aller à l'état 2
    CHAR_VALUE     décalage et aller à l'état 3
    BOOLEAN_VALUE  décalage et aller à l'état 4
    IDENTIFIER     décalage et aller à l'état 5
    STRING_VALUE   décalage et aller à l'état 6
    NOT            décalage et aller à l'état 9
    ABS            décalage et aller à l'état 10
    LOG            décalage et aller à l'état 11
    EXP            décalage et aller à l'état 12
    NULL_VALUE     décalage et aller à l'état 19
    '-'            décalage et aller à l'état 21
    '('            décalage et aller à l'état 22

    id_declarator  aller à l'état 35
    constant       aller à l'état 29
    expr           aller à l'état 91


État 63

   58 expr: expr SUP . expr

    INT_VALUE      décalage et aller à l'état 1
    REAL_VALUE     décalage et aller à l'état 2
    CHAR_VALUE     décalage et aller à l'état 3
    BOOLEAN_VALUE  décalage et aller à l'état 4
    IDENTIFIER     décalage et aller à l'état 5
    STRING_VALUE   décalage et aller à l'état 6
    NOT            décalage et aller à l'état 9
    ABS            décalage et aller à l'état 10
    LOG            décalage et aller à l'état 11
    EXP            décalage et aller à l'état 12
    NULL_VALUE     décalage et aller à l'état 19
    '-'            décalage et aller à l'état 21
    '('            décalage et aller à l'état 22

    id_declarator  aller à l'état 35
    constant       aller à l'état 29
    expr           aller à l'état 92


État 64

   59 expr: expr SUPEQ . expr

    INT_VALUE      décalage et aller à l'état 1
    REAL_VALUE     décalage et aller à l'état 2
    CHAR_VALUE     décalage et aller à l'état 3
    BOOLEAN_VALUE  décalage et aller à l'état 4
    IDENTIFIER     décalage et aller à l'état 5
    STRING_VALUE   décalage et aller à l'état 6
    NOT            décalage et aller à l'état 9
    ABS            décalage et aller à l'état 10
    LOG            décalage et aller à l'état 11
    EXP            décalage et aller à l'état 12
    NULL_VALUE     décalage et aller à l'état 19
    '-'            décalage et aller à l'état 21
    '('            décalage et aller à l'état 22

    id_declarator  aller à l'état 35
    constant       aller à l'état 29
    expr           aller à l'état 93


État 65

   61 expr: expr NOTEQ . expr

    INT_VALUE      décalage et aller à l'état 1
    REAL_VALUE     décalage et aller à l'état 2
    CHAR_VALUE     décalage et aller à l'état 3
    BOOLEAN_VALUE  décalage et aller à l'état 4
    IDENTIFIER     décalage et aller à l'état 5
    STRING_VALUE   décalage et aller à l'état 6
    NOT            décalage et aller à l'état 9
    ABS            décalage et aller à l'état 10
    LOG            décalage et aller à l'état 11
    EXP            décalage et aller à l'état 12
    NULL_VALUE     décalage et aller à l'état 19
    '-'            décalage et aller à l'état 21
    '('            décalage et aller à l'état 22

    id_declarator  aller à l'état 35
    constant       aller à l'état 29
    expr           aller à l'état 94


État 66

   50 expr: expr '+' . expr

    INT_VALUE      décalage et aller à l'état 1
    REAL_VALUE     décalage et aller à l'état 2
    CHAR_VALUE     décalage et aller à l'état 3
    BOOLEAN_VALUE  décalage et aller à l'état 4
    IDENTIFIER     décalage et aller à l'état 5
    STRING_VALUE   décalage et aller à l'état 6
    NOT            décalage et aller à l'état 9
    ABS            décalage et aller à l'état 10
    LOG            décalage et aller à l'état 11
    EXP            décalage et aller à l'état 12
    NULL_VALUE     décalage et aller à l'état 19
    '-'            décalage et aller à l'état 21
    '('            décalage et aller à l'état 22

    id_declarator  aller à l'état 35
    constant       aller à l'état 29
    expr           aller à l'état 95


État 67

   51 expr: expr '-' . expr

    INT_VALUE      décalage et aller à l'état 1
    REAL_VALUE     décalage et aller à l'état 2
    CHAR_VALUE     décalage et aller à l'état 3
    BOOLEAN_VALUE  décalage et aller à l'état 4
    IDENTIFIER     décalage et aller à l'état 5
    STRING_VALUE   décalage et aller à l'état 6
    NOT            décalage et aller à l'état 9
    ABS            décalage et aller à l'état 10
    LOG            décalage et aller à l'état 11
    EXP            décalage et aller à l'état 12
    NULL_VALUE     décalage et aller à l'état 19
    '-'            décalage et aller à l'état 21
    '('            décalage et aller à l'état 22

    id_declarator  aller à l'état 35
    constant       aller à l'état 29
    expr           aller à l'état 96


État 68

   52 expr: expr '*' . expr

    INT_VALUE      décalage et aller à l'état 1
    REAL_VALUE     décalage et aller à l'état 2
    CHAR_VALUE     décalage et aller à l'état 3
    BOOLEAN_VALUE  décalage et aller à l'état 4
    IDENTIFIER     décalage et aller à l'état 5
    STRING_VALUE   décalage et aller à l'état 6
    NOT            décalage et aller à l'état 9
    ABS            décalage et aller à l'état 10
    LOG            décalage et aller à l'état 11
    EXP            décalage et aller à l'état 12
    NULL_VALUE     décalage et aller à l'état 19
    '-'            décalage et aller à l'état 21
    '('            décalage et aller à l'état 22

    id_declarator  aller à l'état 35
    constant       aller à l'état 29
    expr           aller à l'état 97


État 69

   53 expr: expr '/' . expr

    INT_VALUE      décalage et aller à l'état 1
    REAL_VALUE     décalage et aller à l'état 2
    CHAR_VALUE     décalage et aller à l'état 3
    BOOLEAN_VALUE  décalage et aller à l'état 4
    IDENTIFIER     décalage et aller à l'état 5
    STRING_VALUE   décalage et aller à l'état 6
    NOT            décalage et aller à l'état 9
    ABS            décalage et aller à l'état 10
    LOG            décalage et aller à l'état 11
    EXP            décalage et aller à l'état 12
    NULL_VALUE     décalage et aller à l'état 19
    '-'            décalage et aller à l'état 21
    '('            décalage et aller à l'état 22

    id_declarator  aller à l'état 35
    constant       aller à l'état 29
    expr           aller à l'état 98


État 70

    7 stmt: expr stmt_terminator . NEWLINE

    NEWLINE  décalage et aller à l'état 99


État 71

   26 declaration_block: VAR NEWLINE TAB . declaration

    IDENTIFIER  décalage et aller à l'état 5

    declaration      aller à l'état 100
    declarator_list  aller à l'état 101
    id_declarator    aller à l'état 102


État 72

   50 expr: expr . '+' expr
   51     | expr . '-' expr
   52     | expr . '*' expr
   53     | expr . '/' expr
   54     | expr . INF expr
   55     | expr . AND expr
   56     | expr . OR expr
   58     | expr . SUP expr
   59     | expr . SUPEQ expr
   60     | expr . INFEQ expr
   61     | expr . NOTEQ expr
   62     | expr . EQ expr
   63     | expr . DIV expr
   64     | expr . MOD expr
   66     | ABS '(' expr . ')'

    DIV    décalage et aller à l'état 56
    MOD    décalage et aller à l'état 57
    AND    décalage et aller à l'état 58
    OR     décalage et aller à l'état 59
    EQ     décalage et aller à l'état 60
    INF    décalage et aller à l'état 61
    INFEQ  décalage et aller à l'état 62
    SUP    décalage et aller à l'état 63
    SUPEQ  décalage et aller à l'état 64
    NOTEQ  décalage et aller à l'état 65
    '+'    décalage et aller à l'état 66
    '-'    décalage et aller à l'état 67
    '*'    décalage et aller à l'état 68
    '/'    décalage et aller à l'état 69
    ')'    décalage et aller à l'état 103


État 73

   50 expr: expr . '+' expr
   51     | expr . '-' expr
   52     | expr . '*' expr
   53     | expr . '/' expr
   54     | expr . INF expr
   55     | expr . AND expr
   56     | expr . OR expr
   58     | expr . SUP expr
   59     | expr . SUPEQ expr
   60     | expr . INFEQ expr
   61     | expr . NOTEQ expr
   62     | expr . EQ expr
   63     | expr . DIV expr
   64     | expr . MOD expr
   67     | LOG '(' expr . ')'
   68     | LOG '(' expr . COMMA expr ')'

    DIV    décalage et aller à l'état 56
    MOD    décalage et aller à l'état 57
    AND    décalage et aller à l'état 58
    OR     décalage et aller à l'état 59
    EQ     décalage et aller à l'état 60
    INF    décalage et aller à l'état 61
    INFEQ  décalage et aller à l'état 62
    SUP    décalage et aller à l'état 63
    SUPEQ  décalage et aller à l'état 64
    NOTEQ  décalage et aller à l'état 65
    COMMA  décalage et aller à l'état 104
    '+'    décalage et aller à l'état 66
    '-'    décalage et aller à l'état 67
    '*'    décalage et aller à l'état 68
    '/'    décalage et aller à l'état 69
    ')'    décalage et aller à l'état 105


État 74

   50 expr: expr . '+' expr
   51     | expr . '-' expr
   52     | expr . '*' expr
   53     | expr . '/' expr
   54     | expr . INF expr
   55     | expr . AND expr
   56     | expr . OR expr
   58     | expr . SUP expr
   59     | expr . SUPEQ expr
   60     | expr . INFEQ expr
   61     | expr . NOTEQ expr
   62     | expr . EQ expr
   63     | expr . DIV expr
   64     | expr . MOD expr
   69     | EXP '(' expr . ')'

    DIV    décalage et aller à l'état 56
    MOD    décalage et aller à l'état 57
    AND    décalage et aller à l'état 58
    OR     décalage et aller à l'état 59
    EQ     décalage et aller à l'état 60
    INF    décalage et aller à l'état 61
    INFEQ  décalage et aller à l'état 62
    SUP    décalage et aller à l'état 63
    SUPEQ  décalage et aller à l'état 64
    NOTEQ  décalage et aller à l'état 65
    '+'    décalage et aller à l'état 66
    '-'    décalage et aller à l'état 67
    '*'    décalage et aller à l'état 68
    '/'    décalage et aller à l'état 69
    ')'    décalage et aller à l'état 106


État 75

   11 stmt: IF expr THEN . NEWLINE stmt
   12     | IF expr THEN . NEWLINE stmt_block
   13     | IF expr THEN . NEWLINE stmt ELSE NEWLINE stmt
   14     | IF expr THEN . NEWLINE stmt_block ELSE NEWLINE stmt_block
   15     | IF expr THEN . NEWLINE stmt ELSE NEWLINE stmt_block
   16     | IF expr THEN . NEWLINE stmt_block ELSE NEWLINE stmt

    NEWLINE  décalage et aller à l'état 107


État 76

   17 stmt: WHILE expr DO . NEWLINE stmt
   18     | WHILE expr DO . NEWLINE stmt_block

    NEWLINE  décalage et aller à l'état 108


État 77

   19 stmt: FOR assignation TO . constant DO NEWLINE stmt
   20     | FOR assignation TO . constant DO NEWLINE stmt_block

    INT_VALUE      décalage et aller à l'état 1
    REAL_VALUE     décalage et aller à l'état 2
    CHAR_VALUE     décalage et aller à l'état 3
    BOOLEAN_VALUE  décalage et aller à l'état 4
    STRING_VALUE   décalage et aller à l'état 6
    NULL_VALUE     décalage et aller à l'état 19

    constant  aller à l'état 109


État 78

   21 stmt: READ '(' id_declarator . ')' stmt_terminator NEWLINE

    ')'  décalage et aller à l'état 110


État 79

   22 stmt: WRITE '(' expr . ')' stmt_terminator NEWLINE
   50 expr: expr . '+' expr
   51     | expr . '-' expr
   52     | expr . '*' expr
   53     | expr . '/' expr
   54     | expr . INF expr
   55     | expr . AND expr
   56     | expr . OR expr
   58     | expr . SUP expr
   59     | expr . SUPEQ expr
   60     | expr . INFEQ expr
   61     | expr . NOTEQ expr
   62     | expr . EQ expr
   63     | expr . DIV expr
   64     | expr . MOD expr

    DIV    décalage et aller à l'état 56
    MOD    décalage et aller à l'état 57
    AND    décalage et aller à l'état 58
    OR     décalage et aller à l'état 59
    EQ     décalage et aller à l'état 60
    INF    décalage et aller à l'état 61
    INFEQ  décalage et aller à l'état 62
    SUP    décalage et aller à l'état 63
    SUPEQ  décalage et aller à l'état 64
    NOTEQ  décalage et aller à l'état 65
    '+'    décalage et aller à l'état 66
    '-'    décalage et aller à l'état 67
    '*'    décalage et aller à l'état 68
    '/'    décalage et aller à l'état 69
    ')'    décalage et aller à l'état 111


État 80

   23 stmt: FUNCTION id_declarator '(' . declaration_list ')' DECLARATOR type_specifier NEWLINE stmt_block_with_return
   24     | FUNCTION id_declarator '(' . declaration_list ')' DECLARATOR type_specifier NEWLINE stmt_block

    IDENTIFIER  décalage et aller à l'état 5

    declaration_list  aller à l'état 112
    declaration       aller à l'état 113
    declarator_list   aller à l'état 101
    id_declarator     aller à l'état 102


État 81

   65 expr: '(' expr ')' .

    $défaut  réduction par utilisation de la règle 65 (expr)


État 82

   27 declaration_block: declaration_block NEWLINE TAB . declaration

    IDENTIFIER  décalage et aller à l'état 5

    declaration      aller à l'état 114
    declarator_list  aller à l'état 101
    id_declarator    aller à l'état 102


État 83

   40 assignation: id_declarator ASSIGNATOR expr .
   50 expr: expr . '+' expr
   51     | expr . '-' expr
   52     | expr . '*' expr
   53     | expr . '/' expr
   54     | expr . INF expr
   55     | expr . AND expr
   56     | expr . OR expr
   58     | expr . SUP expr
   59     | expr . SUPEQ expr
   60     | expr . INFEQ expr
   61     | expr . NOTEQ expr
   62     | expr . EQ expr
   63     | expr . DIV expr
   64     | expr . MOD expr

    DIV    décalage et aller à l'état 56
    MOD    décalage et aller à l'état 57
    AND    décalage et aller à l'état 58
    OR     décalage et aller à l'état 59
    EQ     décalage et aller à l'état 60
    INF    décalage et aller à l'état 61
    INFEQ  décalage et aller à l'état 62
    SUP    décalage et aller à l'état 63
    SUPEQ  décalage et aller à l'état 64
    NOTEQ  décalage et aller à l'état 65
    '+'    décalage et aller à l'état 66
    '-'    décalage et aller à l'état 67
    '*'    décalage et aller à l'état 68
    '/'    décalage et aller à l'état 69

    $défaut  réduction par utilisation de la règle 40 (assignation)


État 84

    9 stmt: assignation stmt_terminator NEWLINE .

    $défaut  réduction par utilisation de la règle 9 (stmt)


État 85

   50 expr: expr . '+' expr
   51     | expr . '-' expr
   52     | expr . '*' expr
   53     | expr . '/' expr
   54     | expr . INF expr
   55     | expr . AND expr
   56     | expr . OR expr
   58     | expr . SUP expr
   59     | expr . SUPEQ expr
   60     | expr . INFEQ expr
   61     | expr . NOTEQ expr
   62     | expr . EQ expr
   63     | expr . DIV expr
   63     | expr DIV expr .
   64     | expr . MOD expr

    $défaut  réduction par utilisation de la règle 63 (expr)


État 86

   50 expr: expr . '+' expr
   51     | expr . '-' expr
   52     | expr . '*' expr
   53     | expr . '/' expr
   54     | expr . INF expr
   55     | expr . AND expr
   56     | expr . OR expr
   58     | expr . SUP expr
   59     | expr . SUPEQ expr
   60     | expr . INFEQ expr
   61     | expr . NOTEQ expr
   62     | expr . EQ expr
   63     | expr . DIV expr
   64     | expr . MOD expr
   64     | expr MOD expr .

    $défaut  réduction par utilisation de la règle 64 (expr)


État 87

   50 expr: expr . '+' expr
   51     | expr . '-' expr
   52     | expr . '*' expr
   53     | expr . '/' expr
   54     | expr . INF expr
   55     | expr . AND expr
   55     | expr AND expr .
   56     | expr . OR expr
   58     | expr . SUP expr
   59     | expr . SUPEQ expr
   60     | expr . INFEQ expr
   61     | expr . NOTEQ expr
   62     | expr . EQ expr
   63     | expr . DIV expr
   64     | expr . MOD expr

    DIV  décalage et aller à l'état 56
    MOD  décalage et aller à l'état 57
    '+'  décalage et aller à l'état 66
    '-'  décalage et aller à l'état 67
    '*'  décalage et aller à l'état 68
    '/'  décalage et aller à l'état 69

    $défaut  réduction par utilisation de la règle 55 (expr)


État 88

   50 expr: expr . '+' expr
   51     | expr . '-' expr
   52     | expr . '*' expr
   53     | expr . '/' expr
   54     | expr . INF expr
   55     | expr . AND expr
   56     | expr . OR expr
   56     | expr OR expr .
   58     | expr . SUP expr
   59     | expr . SUPEQ expr
   60     | expr . INFEQ expr
   61     | expr . NOTEQ expr
   62     | expr . EQ expr
   63     | expr . DIV expr
   64     | expr . MOD expr

    DIV  décalage et aller à l'état 56
    MOD  décalage et aller à l'état 57
    '+'  décalage et aller à l'état 66
    '-'  décalage et aller à l'état 67
    '*'  décalage et aller à l'état 68
    '/'  décalage et aller à l'état 69

    $défaut  réduction par utilisation de la règle 56 (expr)


État 89

   50 expr: expr . '+' expr
   51     | expr . '-' expr
   52     | expr . '*' expr
   53     | expr . '/' expr
   54     | expr . INF expr
   55     | expr . AND expr
   56     | expr . OR expr
   58     | expr . SUP expr
   59     | expr . SUPEQ expr
   60     | expr . INFEQ expr
   61     | expr . NOTEQ expr
   62     | expr . EQ expr
   62     | expr EQ expr .
   63     | expr . DIV expr
   64     | expr . MOD expr

    DIV  décalage et aller à l'état 56
    MOD  décalage et aller à l'état 57
    '+'  décalage et aller à l'état 66
    '-'  décalage et aller à l'état 67
    '*'  décalage et aller à l'état 68
    '/'  décalage et aller à l'état 69

    $défaut  réduction par utilisation de la règle 62 (expr)


État 90

   50 expr: expr . '+' expr
   51     | expr . '-' expr
   52     | expr . '*' expr
   53     | expr . '/' expr
   54     | expr . INF expr
   54     | expr INF expr .
   55     | expr . AND expr
   56     | expr . OR expr
   58     | expr . SUP expr
   59     | expr . SUPEQ expr
   60     | expr . INFEQ expr
   61     | expr . NOTEQ expr
   62     | expr . EQ expr
   63     | expr . DIV expr
   64     | expr . MOD expr

    DIV  décalage et aller à l'état 56
    MOD  décalage et aller à l'état 57
    '+'  décalage et aller à l'état 66
    '-'  décalage et aller à l'état 67
    '*'  décalage et aller à l'état 68
    '/'  décalage et aller à l'état 69

    $défaut  réduction par utilisation de la règle 54 (expr)


État 91

   50 expr: expr . '+' expr
   51     | expr . '-' expr
   52     | expr . '*' expr
   53     | expr . '/' expr
   54     | expr . INF expr
   55     | expr . AND expr
   56     | expr . OR expr
   58     | expr . SUP expr
   59     | expr . SUPEQ expr
   60     | expr . INFEQ expr
   60     | expr INFEQ expr .
   61     | expr . NOTEQ expr
   62     | expr . EQ expr
   63     | expr . DIV expr
   64     | expr . MOD expr

    DIV  décalage et aller à l'état 56
    MOD  décalage et aller à l'état 57
    '+'  décalage et aller à l'état 66
    '-'  décalage et aller à l'état 67
    '*'  décalage et aller à l'état 68
    '/'  décalage et aller à l'état 69

    $défaut  réduction par utilisation de la règle 60 (expr)


État 92

   50 expr: expr . '+' expr
   51     | expr . '-' expr
   52     | expr . '*' expr
   53     | expr . '/' expr
   54     | expr . INF expr
   55     | expr . AND expr
   56     | expr . OR expr
   58     | expr . SUP expr
   58     | expr SUP expr .
   59     | expr . SUPEQ expr
   60     | expr . INFEQ expr
   61     | expr . NOTEQ expr
   62     | expr . EQ expr
   63     | expr . DIV expr
   64     | expr . MOD expr

    DIV  décalage et aller à l'état 56
    MOD  décalage et aller à l'état 57
    '+'  décalage et aller à l'état 66
    '-'  décalage et aller à l'état 67
    '*'  décalage et aller à l'état 68
    '/'  décalage et aller à l'état 69

    $défaut  réduction par utilisation de la règle 58 (expr)


État 93

   50 expr: expr . '+' expr
   51     | expr . '-' expr
   52     | expr . '*' expr
   53     | expr . '/' expr
   54     | expr . INF expr
   55     | expr . AND expr
   56     | expr . OR expr
   58     | expr . SUP expr
   59     | expr . SUPEQ expr
   59     | expr SUPEQ expr .
   60     | expr . INFEQ expr
   61     | expr . NOTEQ expr
   62     | expr . EQ expr
   63     | expr . DIV expr
   64     | expr . MOD expr

    DIV  décalage et aller à l'état 56
    MOD  décalage et aller à l'état 57
    '+'  décalage et aller à l'état 66
    '-'  décalage et aller à l'état 67
    '*'  décalage et aller à l'état 68
    '/'  décalage et aller à l'état 69

    $défaut  réduction par utilisation de la règle 59 (expr)


État 94

   50 expr: expr . '+' expr
   51     | expr . '-' expr
   52     | expr . '*' expr
   53     | expr . '/' expr
   54     | expr . INF expr
   55     | expr . AND expr
   56     | expr . OR expr
   58     | expr . SUP expr
   59     | expr . SUPEQ expr
   60     | expr . INFEQ expr
   61     | expr . NOTEQ expr
   61     | expr NOTEQ expr .
   62     | expr . EQ expr
   63     | expr . DIV expr
   64     | expr . MOD expr

    DIV  décalage et aller à l'état 56
    MOD  décalage et aller à l'état 57
    '+'  décalage et aller à l'état 66
    '-'  décalage et aller à l'état 67
    '*'  décalage et aller à l'état 68
    '/'  décalage et aller à l'état 69

    $défaut  réduction par utilisation de la règle 61 (expr)


État 95

   50 expr: expr . '+' expr
   50     | expr '+' expr .
   51     | expr . '-' expr
   52     | expr . '*' expr
   53     | expr . '/' expr
   54     | expr . INF expr
   55     | expr . AND expr
   56     | expr . OR expr
   58     | expr . SUP expr
   59     | expr . SUPEQ expr
   60     | expr . INFEQ expr
   61     | expr . NOTEQ expr
   62     | expr . EQ expr
   63     | expr . DIV expr
   64     | expr . MOD expr

    DIV  décalage et aller à l'état 56
    MOD  décalage et aller à l'état 57
    '*'  décalage et aller à l'état 68
    '/'  décalage et aller à l'état 69

    $défaut  réduction par utilisation de la règle 50 (expr)


État 96

   50 expr: expr . '+' expr
   51     | expr . '-' expr
   51     | expr '-' expr .
   52     | expr . '*' expr
   53     | expr . '/' expr
   54     | expr . INF expr
   55     | expr . AND expr
   56     | expr . OR expr
   58     | expr . SUP expr
   59     | expr . SUPEQ expr
   60     | expr . INFEQ expr
   61     | expr . NOTEQ expr
   62     | expr . EQ expr
   63     | expr . DIV expr
   64     | expr . MOD expr

    DIV  décalage et aller à l'état 56
    MOD  décalage et aller à l'état 57
    '*'  décalage et aller à l'état 68
    '/'  décalage et aller à l'état 69

    $défaut  réduction par utilisation de la règle 51 (expr)


État 97

   50 expr: expr . '+' expr
   51     | expr . '-' expr
   52     | expr . '*' expr
   52     | expr '*' expr .
   53     | expr . '/' expr
   54     | expr . INF expr
   55     | expr . AND expr
   56     | expr . OR expr
   58     | expr . SUP expr
   59     | expr . SUPEQ expr
   60     | expr . INFEQ expr
   61     | expr . NOTEQ expr
   62     | expr . EQ expr
   63     | expr . DIV expr
   64     | expr . MOD expr

    $défaut  réduction par utilisation de la règle 52 (expr)


État 98

   50 expr: expr . '+' expr
   51     | expr . '-' expr
   52     | expr . '*' expr
   53     | expr . '/' expr
   53     | expr '/' expr .
   54     | expr . INF expr
   55     | expr . AND expr
   56     | expr . OR expr
   58     | expr . SUP expr
   59     | expr . SUPEQ expr
   60     | expr . INFEQ expr
   61     | expr . NOTEQ expr
   62     | expr . EQ expr
   63     | expr . DIV expr
   64     | expr . MOD expr

    $défaut  réduction par utilisation de la règle 53 (expr)


État 99

    7 stmt: expr stmt_terminator NEWLINE .

    $défaut  réduction par utilisation de la règle 7 (stmt)


État 100

   26 declaration_block: VAR NEWLINE TAB declaration .

    $défaut  réduction par utilisation de la règle 26 (declaration_block)


État 101

   30 declaration: declarator_list . DECLARATOR type_specifier stmt_terminator
   32 declarator_list: declarator_list . COMMA id_declarator

    COMMA       décalage et aller à l'état 115
    DECLARATOR  décalage et aller à l'état 116


État 102

   31 declarator_list: id_declarator .

    $défaut  réduction par utilisation de la règle 31 (declarator_list)


État 103

   66 expr: ABS '(' expr ')' .

    $défaut  réduction par utilisation de la règle 66 (expr)


État 104

   68 expr: LOG '(' expr COMMA . expr ')'

    INT_VALUE      décalage et aller à l'état 1
    REAL_VALUE     décalage et aller à l'état 2
    CHAR_VALUE     décalage et aller à l'état 3
    BOOLEAN_VALUE  décalage et aller à l'état 4
    IDENTIFIER     décalage et aller à l'état 5
    STRING_VALUE   décalage et aller à l'état 6
    NOT            décalage et aller à l'état 9
    ABS            décalage et aller à l'état 10
    LOG            décalage et aller à l'état 11
    EXP            décalage et aller à l'état 12
    NULL_VALUE     décalage et aller à l'état 19
    '-'            décalage et aller à l'état 21
    '('            décalage et aller à l'état 22

    id_declarator  aller à l'état 35
    constant       aller à l'état 29
    expr           aller à l'état 117


État 105

   67 expr: LOG '(' expr ')' .

    $défaut  réduction par utilisation de la règle 67 (expr)


État 106

   69 expr: EXP '(' expr ')' .

    $défaut  réduction par utilisation de la règle 69 (expr)


État 107

   11 stmt: IF expr THEN NEWLINE . stmt
   12     | IF expr THEN NEWLINE . stmt_block
   13     | IF expr THEN NEWLINE . stmt ELSE NEWLINE stmt
   14     | IF expr THEN NEWLINE . stmt_block ELSE NEWLINE stmt_block
   15     | IF expr THEN NEWLINE . stmt ELSE NEWLINE stmt_block
   16     | IF expr THEN NEWLINE . stmt_block ELSE NEWLINE stmt

    INT_VALUE      décalage et aller à l'état 1
    REAL_VALUE     décalage et aller à l'état 2
    CHAR_VALUE     décalage et aller à l'état 3
    BOOLEAN_VALUE  décalage et aller à l'état 4
    IDENTIFIER     décalage et aller à l'état 5
    STRING_VALUE   décalage et aller à l'état 6
    COMMENT        décalage et aller à l'état 7
    VAR            décalage et aller à l'état 8
    NOT            décalage et aller à l'état 9
    ABS            décalage et aller à l'état 10
    LOG            décalage et aller à l'état 11
    EXP            décalage et aller à l'état 12
    BEG            décalage et aller à l'état 118
    IF             décalage et aller à l'état 13
    WHILE          décalage et aller à l'état 14
    FOR            décalage et aller à l'état 15
    READ           décalage et aller à l'état 16
    WRITE          décalage et aller à l'état 17
    FUNCTION       décalage et aller à l'état 18
    NULL_VALUE     décalage et aller à l'état 19
    NEWLINE        décalage et aller à l'état 20
    '-'            décalage et aller à l'état 21
    '('            décalage et aller à l'état 22

    stmt_block         aller à l'état 119
    stmt               aller à l'état 120
    declaration_block  aller à l'état 26
    id_declarator      aller à l'état 27
    assignation        aller à l'état 28
    constant           aller à l'état 29
    expr               aller à l'état 30
    comment_block      aller à l'état 31
    ignore_newline     aller à l'état 32


État 108

   17 stmt: WHILE expr DO NEWLINE . stmt
   18     | WHILE expr DO NEWLINE . stmt_block

    INT_VALUE      décalage et aller à l'état 1
    REAL_VALUE     décalage et aller à l'état 2
    CHAR_VALUE     décalage et aller à l'état 3
    BOOLEAN_VALUE  décalage et aller à l'état 4
    IDENTIFIER     décalage et aller à l'état 5
    STRING_VALUE   décalage et aller à l'état 6
    COMMENT        décalage et aller à l'état 7
    VAR            décalage et aller à l'état 8
    NOT            décalage et aller à l'état 9
    ABS            décalage et aller à l'état 10
    LOG            décalage et aller à l'état 11
    EXP            décalage et aller à l'état 12
    BEG            décalage et aller à l'état 118
    IF             décalage et aller à l'état 13
    WHILE          décalage et aller à l'état 14
    FOR            décalage et aller à l'état 15
    READ           décalage et aller à l'état 16
    WRITE          décalage et aller à l'état 17
    FUNCTION       décalage et aller à l'état 18
    NULL_VALUE     décalage et aller à l'état 19
    NEWLINE        décalage et aller à l'état 20
    '-'            décalage et aller à l'état 21
    '('            décalage et aller à l'état 22

    stmt_block         aller à l'état 121
    stmt               aller à l'état 122
    declaration_block  aller à l'état 26
    id_declarator      aller à l'état 27
    assignation        aller à l'état 28
    constant           aller à l'état 29
    expr               aller à l'état 30
    comment_block      aller à l'état 31
    ignore_newline     aller à l'état 32


État 109

   19 stmt: FOR assignation TO constant . DO NEWLINE stmt
   20     | FOR assignation TO constant . DO NEWLINE stmt_block

    DO  décalage et aller à l'état 123


État 110

   21 stmt: READ '(' id_declarator ')' . stmt_terminator NEWLINE

    TERMINATOR  décalage et aller à l'état 54

    stmt_terminator  aller à l'état 124


État 111

   22 stmt: WRITE '(' expr ')' . stmt_terminator NEWLINE

    TERMINATOR  décalage et aller à l'état 54

    stmt_terminator  aller à l'état 125


État 112

   23 stmt: FUNCTION id_declarator '(' declaration_list . ')' DECLARATOR type_specifier NEWLINE stmt_block_with_return
   24     | FUNCTION id_declarator '(' declaration_list . ')' DECLARATOR type_specifier NEWLINE stmt_block
   29 declaration_list: declaration_list . declaration

    IDENTIFIER  décalage et aller à l'état 5
    ')'         décalage et aller à l'état 126

    declaration      aller à l'état 127
    declarator_list  aller à l'état 101
    id_declarator    aller à l'état 102


État 113

   28 declaration_list: declaration .

    $défaut  réduction par utilisation de la règle 28 (declaration_list)


État 114

   27 declaration_block: declaration_block NEWLINE TAB declaration .

    $défaut  réduction par utilisation de la règle 27 (declaration_block)


État 115

   32 declarator_list: declarator_list COMMA . id_declarator

    IDENTIFIER  décalage et aller à l'état 5

    id_declarator  aller à l'état 128


État 116

   30 declaration: declarator_list DECLARATOR . type_specifier stmt_terminator

    STRING   décalage et aller à l'état 129
    CHAR     décalage et aller à l'état 130
    BOOLEAN  décalage et aller à l'état 131
    INT      décalage et aller à l'état 132
    REAL     décalage et aller à l'état 133
    VOID     décalage et aller à l'état 134

    type_specifier  aller à l'état 135


État 117

   50 expr: expr . '+' expr
   51     | expr . '-' expr
   52     | expr . '*' expr
   53     | expr . '/' expr
   54     | expr . INF expr
   55     | expr . AND expr
   56     | expr . OR expr
   58     | expr . SUP expr
   59     | expr . SUPEQ expr
   60     | expr . INFEQ expr
   61     | expr . NOTEQ expr
   62     | expr . EQ expr
   63     | expr . DIV expr
   64     | expr . MOD expr
   68     | LOG '(' expr COMMA expr . ')'

    DIV    décalage et aller à l'état 56
    MOD    décalage et aller à l'état 57
    AND    décalage et aller à l'état 58
    OR     décalage et aller à l'état 59
    EQ     décalage et aller à l'état 60
    INF    décalage et aller à l'état 61
    INFEQ  décalage et aller à l'état 62
    SUP    décalage et aller à l'état 63
    SUPEQ  décalage et aller à l'état 64
    NOTEQ  décalage et aller à l'état 65
    '+'    décalage et aller à l'état 66
    '-'    décalage et aller à l'état 67
    '*'    décalage et aller à l'état 68
    '/'    décalage et aller à l'état 69
    ')'    décalage et aller à l'état 136


État 118

    2 stmt_block: BEG . NEWLINE stmt_list END stmt_terminator NEWLINE

    NEWLINE  décalage et aller à l'état 137


État 119

   12 stmt: IF expr THEN NEWLINE stmt_block .
   14     | IF expr THEN NEWLINE stmt_block . ELSE NEWLINE stmt_block
   16     | IF expr THEN NEWLINE stmt_block . ELSE NEWLINE stmt

    ELSE  décalage et aller à l'état 138

    $défaut  réduction par utilisation de la règle 12 (stmt)


État 120

   11 stmt: IF expr THEN NEWLINE stmt .
   13     | IF expr THEN NEWLINE stmt . ELSE NEWLINE stmt
   15     | IF expr THEN NEWLINE stmt . ELSE NEWLINE stmt_block

    ELSE  décalage et aller à l'état 139

    $défaut  réduction par utilisation de la règle 11 (stmt)


État 121

   18 stmt: WHILE expr DO NEWLINE stmt_block .

    $défaut  réduction par utilisation de la règle 18 (stmt)


État 122

   17 stmt: WHILE expr DO NEWLINE stmt .

    $défaut  réduction par utilisation de la règle 17 (stmt)


État 123

   19 stmt: FOR assignation TO constant DO . NEWLINE stmt
   20     | FOR assignation TO constant DO . NEWLINE stmt_block

    NEWLINE  décalage et aller à l'état 140


État 124

   21 stmt: READ '(' id_declarator ')' stmt_terminator . NEWLINE

    NEWLINE  décalage et aller à l'état 141


État 125

   22 stmt: WRITE '(' expr ')' stmt_terminator . NEWLINE

    NEWLINE  décalage et aller à l'état 142


État 126

   23 stmt: FUNCTION id_declarator '(' declaration_list ')' . DECLARATOR type_specifier NEWLINE stmt_block_with_return
   24     | FUNCTION id_declarator '(' declaration_list ')' . DECLARATOR type_specifier NEWLINE stmt_block

    DECLARATOR  décalage et aller à l'état 143


État 127

   29 declaration_list: declaration_list declaration .

    $défaut  réduction par utilisation de la règle 29 (declaration_list)


État 128

   32 declarator_list: declarator_list COMMA id_declarator .

    $défaut  réduction par utilisation de la règle 32 (declarator_list)


État 129

   36 type_specifier: STRING .

    $défaut  réduction par utilisation de la règle 36 (type_specifier)


État 130

   35 type_specifier: CHAR .

    $défaut  réduction par utilisation de la règle 35 (type_specifier)


État 131

   37 type_specifier: BOOLEAN .

    $défaut  réduction par utilisation de la règle 37 (type_specifier)


État 132

   34 type_specifier: INT .

    $défaut  réduction par utilisation de la règle 34 (type_specifier)


État 133

   38 type_specifier: REAL .

    $défaut  réduction par utilisation de la règle 38 (type_specifier)


État 134

   39 type_specifier: VOID .

    $défaut  réduction par utilisation de la règle 39 (type_specifier)


État 135

   30 declaration: declarator_list DECLARATOR type_specifier . stmt_terminator

    TERMINATOR  décalage et aller à l'état 54

    stmt_terminator  aller à l'état 144


État 136

   68 expr: LOG '(' expr COMMA expr ')' .

    $défaut  réduction par utilisation de la règle 68 (expr)


État 137

    2 stmt_block: BEG NEWLINE . stmt_list END stmt_terminator NEWLINE

    INT_VALUE      décalage et aller à l'état 1
    REAL_VALUE     décalage et aller à l'état 2
    CHAR_VALUE     décalage et aller à l'état 3
    BOOLEAN_VALUE  décalage et aller à l'état 4
    IDENTIFIER     décalage et aller à l'état 5
    STRING_VALUE   décalage et aller à l'état 6
    COMMENT        décalage et aller à l'état 7
    VAR            décalage et aller à l'état 8
    NOT            décalage et aller à l'état 9
    ABS            décalage et aller à l'état 10
    LOG            décalage et aller à l'état 11
    EXP            décalage et aller à l'état 12
    IF             décalage et aller à l'état 13
    WHILE          décalage et aller à l'état 14
    FOR            décalage et aller à l'état 15
    READ           décalage et aller à l'état 16
    WRITE          décalage et aller à l'état 17
    FUNCTION       décalage et aller à l'état 18
    NULL_VALUE     décalage et aller à l'état 19
    NEWLINE        décalage et aller à l'état 20
    '-'            décalage et aller à l'état 21
    '('            décalage et aller à l'état 22

    stmt_list          aller à l'état 145
    stmt               aller à l'état 25
    declaration_block  aller à l'état 26
    id_declarator      aller à l'état 27
    assignation        aller à l'état 28
    constant           aller à l'état 29
    expr               aller à l'état 30
    comment_block      aller à l'état 31
    ignore_newline     aller à l'état 32


État 138

   14 stmt: IF expr THEN NEWLINE stmt_block ELSE . NEWLINE stmt_block
   16     | IF expr THEN NEWLINE stmt_block ELSE . NEWLINE stmt

    NEWLINE  décalage et aller à l'état 146


État 139

   13 stmt: IF expr THEN NEWLINE stmt ELSE . NEWLINE stmt
   15     | IF expr THEN NEWLINE stmt ELSE . NEWLINE stmt_block

    NEWLINE  décalage et aller à l'état 147


État 140

   19 stmt: FOR assignation TO constant DO NEWLINE . stmt
   20     | FOR assignation TO constant DO NEWLINE . stmt_block

    INT_VALUE      décalage et aller à l'état 1
    REAL_VALUE     décalage et aller à l'état 2
    CHAR_VALUE     décalage et aller à l'état 3
    BOOLEAN_VALUE  décalage et aller à l'état 4
    IDENTIFIER     décalage et aller à l'état 5
    STRING_VALUE   décalage et aller à l'état 6
    COMMENT        décalage et aller à l'état 7
    VAR            décalage et aller à l'état 8
    NOT            décalage et aller à l'état 9
    ABS            décalage et aller à l'état 10
    LOG            décalage et aller à l'état 11
    EXP            décalage et aller à l'état 12
    BEG            décalage et aller à l'état 118
    IF             décalage et aller à l'état 13
    WHILE          décalage et aller à l'état 14
    FOR            décalage et aller à l'état 15
    READ           décalage et aller à l'état 16
    WRITE          décalage et aller à l'état 17
    FUNCTION       décalage et aller à l'état 18
    NULL_VALUE     décalage et aller à l'état 19
    NEWLINE        décalage et aller à l'état 20
    '-'            décalage et aller à l'état 21
    '('            décalage et aller à l'état 22

    stmt_block         aller à l'état 148
    stmt               aller à l'état 149
    declaration_block  aller à l'état 26
    id_declarator      aller à l'état 27
    assignation        aller à l'état 28
    constant           aller à l'état 29
    expr               aller à l'état 30
    comment_block      aller à l'état 31
    ignore_newline     aller à l'état 32


État 141

   21 stmt: READ '(' id_declarator ')' stmt_terminator NEWLINE .

    $défaut  réduction par utilisation de la règle 21 (stmt)


État 142

   22 stmt: WRITE '(' expr ')' stmt_terminator NEWLINE .

    $défaut  réduction par utilisation de la règle 22 (stmt)


État 143

   23 stmt: FUNCTION id_declarator '(' declaration_list ')' DECLARATOR . type_specifier NEWLINE stmt_block_with_return
   24     | FUNCTION id_declarator '(' declaration_list ')' DECLARATOR . type_specifier NEWLINE stmt_block

    STRING   décalage et aller à l'état 129
    CHAR     décalage et aller à l'état 130
    BOOLEAN  décalage et aller à l'état 131
    INT      décalage et aller à l'état 132
    REAL     décalage et aller à l'état 133
    VOID     décalage et aller à l'état 134

    type_specifier  aller à l'état 150


État 144

   30 declaration: declarator_list DECLARATOR type_specifier stmt_terminator .

    $défaut  réduction par utilisation de la règle 30 (declaration)


État 145

    2 stmt_block: BEG NEWLINE stmt_list . END stmt_terminator NEWLINE
    6 stmt_list: stmt_list . stmt

    INT_VALUE      décalage et aller à l'état 1
    REAL_VALUE     décalage et aller à l'état 2
    CHAR_VALUE     décalage et aller à l'état 3
    BOOLEAN_VALUE  décalage et aller à l'état 4
    IDENTIFIER     décalage et aller à l'état 5
    STRING_VALUE   décalage et aller à l'état 6
    COMMENT        décalage et aller à l'état 7
    VAR            décalage et aller à l'état 8
    NOT            décalage et aller à l'état 9
    ABS            décalage et aller à l'état 10
    LOG            décalage et aller à l'état 11
    EXP            décalage et aller à l'état 12
    END            décalage et aller à l'état 151
    IF             décalage et aller à l'état 13
    WHILE          décalage et aller à l'état 14
    FOR            décalage et aller à l'état 15
    READ           décalage et aller à l'état 16
    WRITE          décalage et aller à l'état 17
    FUNCTION       décalage et aller à l'état 18
    NULL_VALUE     décalage et aller à l'état 19
    NEWLINE        décalage et aller à l'état 20
    '-'            décalage et aller à l'état 21
    '('            décalage et aller à l'état 22

    stmt               aller à l'état 51
    declaration_block  aller à l'état 26
    id_declarator      aller à l'état 27
    assignation        aller à l'état 28
    constant           aller à l'état 29
    expr               aller à l'état 30
    comment_block      aller à l'état 31
    ignore_newline     aller à l'état 32


État 146

   14 stmt: IF expr THEN NEWLINE stmt_block ELSE NEWLINE . stmt_block
   16     | IF expr THEN NEWLINE stmt_block ELSE NEWLINE . stmt

    INT_VALUE      décalage et aller à l'état 1
    REAL_VALUE     décalage et aller à l'état 2
    CHAR_VALUE     décalage et aller à l'état 3
    BOOLEAN_VALUE  décalage et aller à l'état 4
    IDENTIFIER     décalage et aller à l'état 5
    STRING_VALUE   décalage et aller à l'état 6
    COMMENT        décalage et aller à l'état 7
    VAR            décalage et aller à l'état 8
    NOT            décalage et aller à l'état 9
    ABS            décalage et aller à l'état 10
    LOG            décalage et aller à l'état 11
    EXP            décalage et aller à l'état 12
    BEG            décalage et aller à l'état 118
    IF             décalage et aller à l'état 13
    WHILE          décalage et aller à l'état 14
    FOR            décalage et aller à l'état 15
    READ           décalage et aller à l'état 16
    WRITE          décalage et aller à l'état 17
    FUNCTION       décalage et aller à l'état 18
    NULL_VALUE     décalage et aller à l'état 19
    NEWLINE        décalage et aller à l'état 20
    '-'            décalage et aller à l'état 21
    '('            décalage et aller à l'état 22

    stmt_block         aller à l'état 152
    stmt               aller à l'état 153
    declaration_block  aller à l'état 26
    id_declarator      aller à l'état 27
    assignation        aller à l'état 28
    constant           aller à l'état 29
    expr               aller à l'état 30
    comment_block      aller à l'état 31
    ignore_newline     aller à l'état 32


État 147

   13 stmt: IF expr THEN NEWLINE stmt ELSE NEWLINE . stmt
   15     | IF expr THEN NEWLINE stmt ELSE NEWLINE . stmt_block

    INT_VALUE      décalage et aller à l'état 1
    REAL_VALUE     décalage et aller à l'état 2
    CHAR_VALUE     décalage et aller à l'état 3
    BOOLEAN_VALUE  décalage et aller à l'état 4
    IDENTIFIER     décalage et aller à l'état 5
    STRING_VALUE   décalage et aller à l'état 6
    COMMENT        décalage et aller à l'état 7
    VAR            décalage et aller à l'état 8
    NOT            décalage et aller à l'état 9
    ABS            décalage et aller à l'état 10
    LOG            décalage et aller à l'état 11
    EXP            décalage et aller à l'état 12
    BEG            décalage et aller à l'état 118
    IF             décalage et aller à l'état 13
    WHILE          décalage et aller à l'état 14
    FOR            décalage et aller à l'état 15
    READ           décalage et aller à l'état 16
    WRITE          décalage et aller à l'état 17
    FUNCTION       décalage et aller à l'état 18
    NULL_VALUE     décalage et aller à l'état 19
    NEWLINE        décalage et aller à l'état 20
    '-'            décalage et aller à l'état 21
    '('            décalage et aller à l'état 22

    stmt_block         aller à l'état 154
    stmt               aller à l'état 155
    declaration_block  aller à l'état 26
    id_declarator      aller à l'état 27
    assignation        aller à l'état 28
    constant           aller à l'état 29
    expr               aller à l'état 30
    comment_block      aller à l'état 31
    ignore_newline     aller à l'état 32


État 148

   20 stmt: FOR assignation TO constant DO NEWLINE stmt_block .

    $défaut  réduction par utilisation de la règle 20 (stmt)


État 149

   19 stmt: FOR assignation TO constant DO NEWLINE stmt .

    $défaut  réduction par utilisation de la règle 19 (stmt)


État 150

   23 stmt: FUNCTION id_declarator '(' declaration_list ')' DECLARATOR type_specifier . NEWLINE stmt_block_with_return
   24     | FUNCTION id_declarator '(' declaration_list ')' DECLARATOR type_specifier . NEWLINE stmt_block

    NEWLINE  décalage et aller à l'état 156


État 151

    2 stmt_block: BEG NEWLINE stmt_list END . stmt_terminator NEWLINE

    TERMINATOR  décalage et aller à l'état 54

    stmt_terminator  aller à l'état 157


État 152

   14 stmt: IF expr THEN NEWLINE stmt_block ELSE NEWLINE stmt_block .

    $défaut  réduction par utilisation de la règle 14 (stmt)


État 153

   16 stmt: IF expr THEN NEWLINE stmt_block ELSE NEWLINE stmt .

    $défaut  réduction par utilisation de la règle 16 (stmt)


État 154

   15 stmt: IF expr THEN NEWLINE stmt ELSE NEWLINE stmt_block .

    $défaut  réduction par utilisation de la règle 15 (stmt)


État 155

   13 stmt: IF expr THEN NEWLINE stmt ELSE NEWLINE stmt .

    $défaut  réduction par utilisation de la règle 13 (stmt)


État 156

   23 stmt: FUNCTION id_declarator '(' declaration_list ')' DECLARATOR type_specifier NEWLINE . stmt_block_with_return
   24     | FUNCTION id_declarator '(' declaration_list ')' DECLARATOR type_specifier NEWLINE . stmt_block

    BEG  décalage et aller à l'état 158

    stmt_block              aller à l'état 159
    stmt_block_with_return  aller à l'état 160


État 157

    2 stmt_block: BEG NEWLINE stmt_list END stmt_terminator . NEWLINE

    NEWLINE  décalage et aller à l'état 161


État 158

    2 stmt_block: BEG . NEWLINE stmt_list END stmt_terminator NEWLINE
    3 stmt_block_with_return: BEG . NEWLINE stmt_list RETURN expr stmt_terminator NEWLINE END stmt_terminator NEWLINE
    4                       | BEG . NEWLINE RETURN expr stmt_terminator NEWLINE END stmt_terminator NEWLINE

    NEWLINE  décalage et aller à l'état 162


État 159

   24 stmt: FUNCTION id_declarator '(' declaration_list ')' DECLARATOR type_specifier NEWLINE stmt_block .

    $défaut  réduction par utilisation de la règle 24 (stmt)


État 160

   23 stmt: FUNCTION id_declarator '(' declaration_list ')' DECLARATOR type_specifier NEWLINE stmt_block_with_return .

    $défaut  réduction par utilisation de la règle 23 (stmt)


État 161

    2 stmt_block: BEG NEWLINE stmt_list END stmt_terminator NEWLINE .

    $défaut  réduction par utilisation de la règle 2 (stmt_block)


État 162

    2 stmt_block: BEG NEWLINE . stmt_list END stmt_terminator NEWLINE
    3 stmt_block_with_return: BEG NEWLINE . stmt_list RETURN expr stmt_terminator NEWLINE END stmt_terminator NEWLINE
    4                       | BEG NEWLINE . RETURN expr stmt_terminator NEWLINE END stmt_terminator NEWLINE

    INT_VALUE      décalage et aller à l'état 1
    REAL_VALUE     décalage et aller à l'état 2
    CHAR_VALUE     décalage et aller à l'état 3
    BOOLEAN_VALUE  décalage et aller à l'état 4
    IDENTIFIER     décalage et aller à l'état 5
    STRING_VALUE   décalage et aller à l'état 6
    COMMENT        décalage et aller à l'état 7
    VAR            décalage et aller à l'état 8
    NOT            décalage et aller à l'état 9
    ABS            décalage et aller à l'état 10
    LOG            décalage et aller à l'état 11
    EXP            décalage et aller à l'état 12
    IF             décalage et aller à l'état 13
    WHILE          décalage et aller à l'état 14
    FOR            décalage et aller à l'état 15
    READ           décalage et aller à l'état 16
    WRITE          décalage et aller à l'état 17
    FUNCTION       décalage et aller à l'état 18
    RETURN         décalage et aller à l'état 163
    NULL_VALUE     décalage et aller à l'état 19
    NEWLINE        décalage et aller à l'état 20
    '-'            décalage et aller à l'état 21
    '('            décalage et aller à l'état 22

    stmt_list          aller à l'état 164
    stmt               aller à l'état 25
    declaration_block  aller à l'état 26
    id_declarator      aller à l'état 27
    assignation        aller à l'état 28
    constant           aller à l'état 29
    expr               aller à l'état 30
    comment_block      aller à l'état 31
    ignore_newline     aller à l'état 32


État 163

    4 stmt_block_with_return: BEG NEWLINE RETURN . expr stmt_terminator NEWLINE END stmt_terminator NEWLINE

    INT_VALUE      décalage et aller à l'état 1
    REAL_VALUE     décalage et aller à l'état 2
    CHAR_VALUE     décalage et aller à l'état 3
    BOOLEAN_VALUE  décalage et aller à l'état 4
    IDENTIFIER     décalage et aller à l'état 5
    STRING_VALUE   décalage et aller à l'état 6
    NOT            décalage et aller à l'état 9
    ABS            décalage et aller à l'état 10
    LOG            décalage et aller à l'état 11
    EXP            décalage et aller à l'état 12
    NULL_VALUE     décalage et aller à l'état 19
    '-'            décalage et aller à l'état 21
    '('            décalage et aller à l'état 22

    id_declarator  aller à l'état 35
    constant       aller à l'état 29
    expr           aller à l'état 165


État 164

    2 stmt_block: BEG NEWLINE stmt_list . END stmt_terminator NEWLINE
    3 stmt_block_with_return: BEG NEWLINE stmt_list . RETURN expr stmt_terminator NEWLINE END stmt_terminator NEWLINE
    6 stmt_list: stmt_list . stmt

    INT_VALUE      décalage et aller à l'état 1
    REAL_VALUE     décalage et aller à l'état 2
    CHAR_VALUE     décalage et aller à l'état 3
    BOOLEAN_VALUE  décalage et aller à l'état 4
    IDENTIFIER     décalage et aller à l'état 5
    STRING_VALUE   décalage et aller à l'état 6
    COMMENT        décalage et aller à l'état 7
    VAR            décalage et aller à l'état 8
    NOT            décalage et aller à l'état 9
    ABS            décalage et aller à l'état 10
    LOG            décalage et aller à l'état 11
    EXP            décalage et aller à l'état 12
    END            décalage et aller à l'état 151
    IF             décalage et aller à l'état 13
    WHILE          décalage et aller à l'état 14
    FOR            décalage et aller à l'état 15
    READ           décalage et aller à l'état 16
    WRITE          décalage et aller à l'état 17
    FUNCTION       décalage et aller à l'état 18
    RETURN         décalage et aller à l'état 166
    NULL_VALUE     décalage et aller à l'état 19
    NEWLINE        décalage et aller à l'état 20
    '-'            décalage et aller à l'état 21
    '('            décalage et aller à l'état 22

    stmt               aller à l'état 51
    declaration_block  aller à l'état 26
    id_declarator      aller à l'état 27
    assignation        aller à l'état 28
    constant           aller à l'état 29
    expr               aller à l'état 30
    comment_block      aller à l'état 31
    ignore_newline     aller à l'état 32


État 165

    4 stmt_block_with_return: BEG NEWLINE RETURN expr . stmt_terminator NEWLINE END stmt_terminator NEWLINE
   50 expr: expr . '+' expr
   51     | expr . '-' expr
   52     | expr . '*' expr
   53     | expr . '/' expr
   54     | expr . INF expr
   55     | expr . AND expr
   56     | expr . OR expr
   58     | expr . SUP expr
   59     | expr . SUPEQ expr
   60     | expr . INFEQ expr
   61     | expr . NOTEQ expr
   62     | expr . EQ expr
   63     | expr . DIV expr
   64     | expr . MOD expr

    DIV         décalage et aller à l'état 56
    MOD         décalage et aller à l'état 57
    AND         décalage et aller à l'état 58
    OR          décalage et aller à l'état 59
    EQ          décalage et aller à l'état 60
    INF         décalage et aller à l'état 61
    INFEQ       décalage et aller à l'état 62
    SUP         décalage et aller à l'état 63
    SUPEQ       décalage et aller à l'état 64
    NOTEQ       décalage et aller à l'état 65
    TERMINATOR  décalage et aller à l'état 54
    '+'         décalage et aller à l'état 66
    '-'         décalage et aller à l'état 67
    '*'         décalage et aller à l'état 68
    '/'         décalage et aller à l'état 69

    stmt_terminator  aller à l'état 167


État 166

    3 stmt_block_with_return: BEG NEWLINE stmt_list RETURN . expr stmt_terminator NEWLINE END stmt_terminator NEWLINE

    INT_VALUE      décalage et aller à l'état 1
    REAL_VALUE     décalage et aller à l'état 2
    CHAR_VALUE     décalage et aller à l'état 3
    BOOLEAN_VALUE  décalage et aller à l'état 4
    IDENTIFIER     décalage et aller à l'état 5
    STRING_VALUE   décalage et aller à l'état 6
    NOT            décalage et aller à l'état 9
    ABS            décalage et aller à l'état 10
    LOG            décalage et aller à l'état 11
    EXP            décalage et aller à l'état 12
    NULL_VALUE     décalage et aller à l'état 19
    '-'            décalage et aller à l'état 21
    '('            décalage et aller à l'état 22

    id_declarator  aller à l'état 35
    constant       aller à l'état 29
    expr           aller à l'état 168


État 167

    4 stmt_block_with_return: BEG NEWLINE RETURN expr stmt_terminator . NEWLINE END stmt_terminator NEWLINE

    NEWLINE  décalage et aller à l'état 169


État 168

    3 stmt_block_with_return: BEG NEWLINE stmt_list RETURN expr . stmt_terminator NEWLINE END stmt_terminator NEWLINE
   50 expr: expr . '+' expr
   51     | expr . '-' expr
   52     | expr . '*' expr
   53     | expr . '/' expr
   54     | expr . INF expr
   55     | expr . AND expr
   56     | expr . OR expr
   58     | expr . SUP expr
   59     | expr . SUPEQ expr
   60     | expr . INFEQ expr
   61     | expr . NOTEQ expr
   62     | expr . EQ expr
   63     | expr . DIV expr
   64     | expr . MOD expr

    DIV         décalage et aller à l'état 56
    MOD         décalage et aller à l'état 57
    AND         décalage et aller à l'état 58
    OR          décalage et aller à l'état 59
    EQ          décalage et aller à l'état 60
    INF         décalage et aller à l'état 61
    INFEQ       décalage et aller à l'état 62
    SUP         décalage et aller à l'état 63
    SUPEQ       décalage et aller à l'état 64
    NOTEQ       décalage et aller à l'état 65
    TERMINATOR  décalage et aller à l'état 54
    '+'         décalage et aller à l'état 66
    '-'         décalage et aller à l'état 67
    '*'         décalage et aller à l'état 68
    '/'         décalage et aller à l'état 69

    stmt_terminator  aller à l'état 170


État 169

    4 stmt_block_with_return: BEG NEWLINE RETURN expr stmt_terminator NEWLINE . END stmt_terminator NEWLINE

    END  décalage et aller à l'état 171


État 170

    3 stmt_block_with_return: BEG NEWLINE stmt_list RETURN expr stmt_terminator . NEWLINE END stmt_terminator NEWLINE

    NEWLINE  décalage et aller à l'état 172


État 171

    4 stmt_block_with_return: BEG NEWLINE RETURN expr stmt_terminator NEWLINE END . stmt_terminator NEWLINE

    TERMINATOR  décalage et aller à l'état 54

    stmt_terminator  aller à l'état 173


État 172

    3 stmt_block_with_return: BEG NEWLINE stmt_list RETURN expr stmt_terminator NEWLINE . END stmt_terminator NEWLINE

    END  décalage et aller à l'état 174


État 173

    4 stmt_block_with_return: BEG NEWLINE RETURN expr stmt_terminator NEWLINE END stmt_terminator . NEWLINE

    NEWLINE  décalage et aller à l'état 175


État 174

    3 stmt_block_with_return: BEG NEWLINE stmt_list RETURN expr stmt_terminator NEWLINE END . stmt_terminator NEWLINE

    TERMINATOR  décalage et aller à l'état 54

    stmt_terminator  aller à l'état 176


État 175

    4 stmt_block_with_return: BEG NEWLINE RETURN expr stmt_terminator NEWLINE END stmt_terminator NEWLINE .

    $défaut  réduction par utilisation de la règle 4 (stmt_block_with_return)


État 176

    3 stmt_block_with_return: BEG NEWLINE stmt_list RETURN expr stmt_terminator NEWLINE END stmt_terminator . NEWLINE

    NEWLINE  décalage et aller à l'état 177


État 177

    3 stmt_block_with_return: BEG NEWLINE stmt_list RETURN expr stmt_terminator NEWLINE END stmt_terminator NEWLINE .

    $défaut  réduction par utilisation de la règle 3 (stmt_block_with_return)
